Starting a Gradle Daemon, 1 busy and 1 incompatible and 1 stopped Daemons could not be reused, use --status for details
> Task :compileJava
> Task :processResources UP-TO-DATE
> Task :classes
> Task :resolveMainClassName

> Task :bootRun

  .   ____          _            __ _ _
 /\\ / ___'_ __ _ _(_)_ __  __ _ \ \ \ \
( ( )\___ | '_ | '_| | '_ \/ _` | \ \ \ \
 \\/  ___)| |_)| | | | | || (_| |  ) ) ) )
  '  |____| .__|_| |_|_| |_\__, | / / / /
 =========|_|==============|___/=/_/_/_/
 :: Spring Boot ::                (v3.2.1)

2026-01-12T16:57:07.033+09:00  INFO 56692 --- [kkookk-server] [           main] com.kkookk.KkookkApplication             : Starting KkookkApplication using Java 17.0.0.1 with PID 56692 (C:\Users\ahc70\Desktop\zet\digital-stamp-service\server\build\classes\java\main started by ahc70 in C:\Users\ahc70\Desktop\zet\digital-stamp-service\server)
2026-01-12T16:57:07.035+09:00  INFO 56692 --- [kkookk-server] [           main] com.kkookk.KkookkApplication             : No active profile set, falling back to 1 default profile: "default"
2026-01-12T16:57:07.700+09:00  INFO 56692 --- [kkookk-server] [           main] .s.d.r.c.RepositoryConfigurationDelegate : Bootstrapping Spring Data JPA repositories in DEFAULT mode.
2026-01-12T16:57:07.764+09:00  INFO 56692 --- [kkookk-server] [           main] .s.d.r.c.RepositoryConfigurationDelegate : Finished Spring Data repository scanning in 57 ms. Found 1 JPA repository interface.
2026-01-12T16:57:08.280+09:00  INFO 56692 --- [kkookk-server] [           main] o.s.b.w.embedded.tomcat.TomcatWebServer  : Tomcat initialized with port 8080 (http)
2026-01-12T16:57:08.290+09:00  INFO 56692 --- [kkookk-server] [           main] o.apache.catalina.core.StandardService   : Starting service [Tomcat]
2026-01-12T16:57:08.290+09:00  INFO 56692 --- [kkookk-server] [           main] o.apache.catalina.core.StandardEngine    : Starting Servlet engine: [Apache Tomcat/10.1.17]
2026-01-12T16:57:08.352+09:00  INFO 56692 --- [kkookk-server] [           main] o.a.c.c.C.[Tomcat].[localhost].[/]       : Initializing Spring embedded WebApplicationContext
2026-01-12T16:57:08.353+09:00  INFO 56692 --- [kkookk-server] [           main] w.s.c.ServletWebServerApplicationContext : Root WebApplicationContext: initialization completed in 1278 ms
2026-01-12T16:57:08.382+09:00  INFO 56692 --- [kkookk-server] [           main] com.zaxxer.hikari.HikariDataSource       : HikariPool-1 - Starting...
2026-01-12T16:57:08.555+09:00  INFO 56692 --- [kkookk-server] [           main] com.zaxxer.hikari.pool.HikariPool        : HikariPool-1 - Added connection conn0: url=jdbc:h2:mem:testdb user=SA
2026-01-12T16:57:08.557+09:00  INFO 56692 --- [kkookk-server] [           main] com.zaxxer.hikari.HikariDataSource       : HikariPool-1 - Start completed.
2026-01-12T16:57:08.565+09:00  INFO 56692 --- [kkookk-server] [           main] o.s.b.a.h2.H2ConsoleAutoConfiguration    : H2 console available at '/h2-console'. Database available at 'jdbc:h2:mem:testdb'
2026-01-12T16:57:08.670+09:00  INFO 56692 --- [kkookk-server] [           main] o.hibernate.jpa.internal.util.LogHelper  : HHH000204: Processing PersistenceUnitInfo [name: default]
2026-01-12T16:57:08.726+09:00  INFO 56692 --- [kkookk-server] [           main] org.hibernate.Version                    : HHH000412: Hibernate ORM core version 6.4.1.Final
2026-01-12T16:57:08.757+09:00  INFO 56692 --- [kkookk-server] [           main] o.h.c.internal.RegionFactoryInitiator    : HHH000026: Second-level cache disabled
2026-01-12T16:57:08.970+09:00  INFO 56692 --- [kkookk-server] [           main] o.s.o.j.p.SpringPersistenceUnitInfo      : No LoadTimeWeaver setup: ignoring JPA class transformer
2026-01-12T16:57:09.820+09:00  INFO 56692 --- [kkookk-server] [           main] o.h.e.t.j.p.i.JtaPlatformInitiator       : HHH000489: No JTA platform available (set 'hibernate.transaction.jta.platform' to enable JTA platform integration)
Hibernate: 
    create table owner_accounts (
        id bigint generated by default as identity,
        created_at timestamp(6) not null,
        email varchar(255) not null,
        name varchar(100),
        password_hash varchar(255) not null,
        updated_at timestamp(6) not null,
        primary key (id)
    )
Hibernate: 
    alter table if exists owner_accounts 
       drop constraint if exists UK_28k2fxdxwt4j14wp5gu7ro7dq
Hibernate: 
    alter table if exists owner_accounts 
       add constraint UK_28k2fxdxwt4j14wp5gu7ro7dq unique (email)
2026-01-12T16:57:09.878+09:00  INFO 56692 --- [kkookk-server] [           main] j.LocalContainerEntityManagerFactoryBean : Initialized JPA EntityManagerFactory for persistence unit 'default'
2026-01-12T16:57:10.185+09:00  WARN 56692 --- [kkookk-server] [           main] JpaBaseConfiguration$JpaWebConfiguration : spring.jpa.open-in-view is enabled by default. Therefore, database queries may be performed during view rendering. Explicitly configure spring.jpa.open-in-view to disable this warning
2026-01-12T16:57:10.200+09:00  WARN 56692 --- [kkookk-server] [           main] .s.s.UserDetailsServiceAutoConfiguration : 

Using generated security password: 8f160e1d-ffd3-459c-9d2d-89e9732be273

This generated password is for development use only. Your security configuration must be updated before running your application in production.

2026-01-12T16:57:10.406+09:00  INFO 56692 --- [kkookk-server] [           main] o.s.s.web.DefaultSecurityFilterChain     : Will secure any request with [org.springframework.security.web.session.DisableEncodeUrlFilter@32b8992e, org.springframework.security.web.context.request.async.WebAsyncManagerIntegrationFilter@3ef7fb04, org.springframework.security.web.context.SecurityContextHolderFilter@20276412, org.springframework.security.web.header.HeaderWriterFilter@46df794e, org.springframework.web.filter.CorsFilter@2446be5f, org.springframework.security.web.authentication.logout.LogoutFilter@3724ab90, org.springframework.security.web.savedrequest.RequestCacheAwareFilter@37b44e8e, org.springframework.security.web.servletapi.SecurityContextHolderAwareRequestFilter@11ec2b2f, org.springframework.security.web.authentication.AnonymousAuthenticationFilter@2d4f1ddd, org.springframework.security.web.session.SessionManagementFilter@30a1b2ad, org.springframework.security.web.access.ExceptionTranslationFilter@7da9b32c, org.springframework.security.web.access.intercept.AuthorizationFilter@63fde7ca]
2026-01-12T16:57:10.592+09:00  INFO 56692 --- [kkookk-server] [           main] o.s.b.w.embedded.tomcat.TomcatWebServer  : Tomcat started on port 8080 (http) with context path ''
2026-01-12T16:57:10.600+09:00  INFO 56692 --- [kkookk-server] [           main] com.kkookk.KkookkApplication             : Started KkookkApplication in 3.95 seconds (process running for 4.301)
2026-01-12T16:57:40.080+09:00  INFO 56692 --- [kkookk-server] [nio-8080-exec-1] o.a.c.c.C.[Tomcat].[localhost].[/]       : Initializing Spring DispatcherServlet 'dispatcherServlet'
2026-01-12T16:57:40.080+09:00  INFO 56692 --- [kkookk-server] [nio-8080-exec-1] o.s.web.servlet.DispatcherServlet        : Initializing Servlet 'dispatcherServlet'
2026-01-12T16:57:40.081+09:00  INFO 56692 --- [kkookk-server] [nio-8080-exec-1] o.s.web.servlet.DispatcherServlet        : Completed initialization in 1 ms
Hibernate: 
    select
        oa1_0.id 
    from
        owner_accounts oa1_0 
    where
        oa1_0.email=? 
    fetch
        first ? rows only
Hibernate: 
    insert 
    into
        owner_accounts
        (created_at, email, name, password_hash, updated_at, id) 
    values
        (?, ?, ?, ?, ?, default)
